<?xml version="1.0" encoding="UTF-8"?>
<testng-results ignored="1" total="2" passed="1" failed="0" skipped="0">
  <reporter-output>
  </reporter-output>
  <suite started-at="2022-05-09T12:32:55Z" name="Suite" finished-at="2022-05-09T12:32:55Z" duration-ms="117">
    <groups>
      <group name="smoke">
        <method signature="CreateGroupsTest.createGropTest()[pri:0, instance:mavenPac.CreateGroupsTest@71e9ebae]" name="createGropTest" class="mavenPac.CreateGroupsTest"/>
      </group> <!-- smoke -->
    </groups>
    <test started-at="2022-05-09T12:32:55Z" name="Test" finished-at="2022-05-09T12:32:55Z" duration-ms="117">
      <class name="mavenPac.CreateGroupsTest">
        <test-method signature="createGropTest()[pri:0, instance:mavenPac.CreateGroupsTest@71e9ebae]" started-at="2022-05-09T12:32:55Z" name="createGropTest" finished-at="2022-05-09T12:32:55Z" duration-ms="61" status="PASS">
          <reporter-output>
          </reporter-output>
        </test-method> <!-- createGropTest -->
      </class> <!-- mavenPac.CreateGroupsTest -->
    </test> <!-- Test -->
  </suite> <!-- Suite -->
</testng-results>
